0 info it worked if it ends with ok
1 verbose cli [ '/usr/local/bin/node', '/usr/local/bin/npm', 'install' ]
2 info using npm@3.10.9
3 info using node@v6.9.2
4 silly loadCurrentTree Starting
5 silly install loadCurrentTree
6 silly install readLocalPackageData
7 silly install normalizeTree
8 silly loadCurrentTree Finishing
9 silly loadIdealTree Starting
10 silly install loadIdealTree
11 silly cloneCurrentTree Starting
12 silly install cloneCurrentTreeToIdealTree
13 silly cloneCurrentTree Finishing
14 silly loadShrinkwrap Starting
15 silly install loadShrinkwrap
16 silly loadShrinkwrap Finishing
17 silly loadAllDepsIntoIdealTree Starting
18 silly install loadAllDepsIntoIdealTree
19 silly fetchNamedPackageData org.roylance.yadel
20 silly mapToRegistry name org.roylance.yadel
21 silly mapToRegistry using default registry
22 silly mapToRegistry registry https://registry.npmjs.org/
23 silly mapToRegistry data Result {
23 silly mapToRegistry   raw: 'org.roylance.yadel',
23 silly mapToRegistry   scope: null,
23 silly mapToRegistry   escapedName: 'org.roylance.yadel',
23 silly mapToRegistry   name: 'org.roylance.yadel',
23 silly mapToRegistry   rawSpec: '',
23 silly mapToRegistry   spec: 'latest',
23 silly mapToRegistry   type: 'tag' }
24 silly mapToRegistry uri https://registry.npmjs.org/org.roylance.yadel
25 verbose request uri https://registry.npmjs.org/org.roylance.yadel
26 verbose request no auth needed
27 info attempt registry request try #1 at 11:53:05 PM
28 verbose request using bearer token for auth
29 verbose request id 61ec4f1a4f385c93
30 http request GET https://registry.npmjs.org/org.roylance.yadel
31 http 200 https://registry.npmjs.org/org.roylance.yadel
32 verbose headers { server: 'nginx/1.10.1',
32 verbose headers   'content-type': 'application/json',
32 verbose headers   'last-modified': 'Wed, 18 Oct 2017 05:03:17 GMT',
32 verbose headers   etag: 'W/"59e6e095-1158"',
32 verbose headers   'content-encoding': 'gzip',
32 verbose headers   'cache-control': 'max-age=300',
32 verbose headers   'transfer-encoding': 'chunked',
32 verbose headers   'accept-ranges': 'bytes',
32 verbose headers   date: 'Wed, 18 Oct 2017 05:53:05 GMT',
32 verbose headers   via: '1.1 varnish',
32 verbose headers   connection: 'keep-alive',
32 verbose headers   'x-served-by': 'cache-den6021-DEN',
32 verbose headers   'x-cache': 'MISS',
32 verbose headers   'x-cache-hits': '0',
32 verbose headers   'x-timer': 'S1508305985.291444,VS0,VE235',
32 verbose headers   vary: 'Accept-Encoding, Accept' }
33 silly get cb [ 200,
33 silly get   { server: 'nginx/1.10.1',
33 silly get     'content-type': 'application/json',
33 silly get     'last-modified': 'Wed, 18 Oct 2017 05:03:17 GMT',
33 silly get     etag: 'W/"59e6e095-1158"',
33 silly get     'content-encoding': 'gzip',
33 silly get     'cache-control': 'max-age=300',
33 silly get     'transfer-encoding': 'chunked',
33 silly get     'accept-ranges': 'bytes',
33 silly get     date: 'Wed, 18 Oct 2017 05:53:05 GMT',
33 silly get     via: '1.1 varnish',
33 silly get     connection: 'keep-alive',
33 silly get     'x-served-by': 'cache-den6021-DEN',
33 silly get     'x-cache': 'MISS',
33 silly get     'x-cache-hits': '0',
33 silly get     'x-timer': 'S1508305985.291444,VS0,VE235',
33 silly get     vary: 'Accept-Encoding, Accept' } ]
34 verbose get saving org.roylance.yadel to /Users/mroylance/.npm/registry.npmjs.org/org.roylance.yadel/.cache.json
35 verbose correctMkdir /Users/mroylance/.npm correctMkdir not in flight; initializing
36 silly fetchPackageMetaData Error: No compatible version found: org.roylance.yadel@0.217.0
36 silly fetchPackageMetaData Valid install targets:
36 silly fetchPackageMetaData 0.216.0, 0.214.0, 0.213.0, 0.212.0
36 silly fetchPackageMetaData
36 silly fetchPackageMetaData     at pickVersionFromRegistryDocument (/usr/local/lib/node_modules/npm/lib/fetch-package-metadata.js:178:16)
36 silly fetchPackageMetaData     at /usr/local/lib/node_modules/npm/node_modules/iferr/index.js:13:50
36 silly fetchPackageMetaData     at /usr/local/lib/node_modules/npm/lib/utils/pulse-till-done.js:20:8
36 silly fetchPackageMetaData     at saved (/usr/local/lib/node_modules/npm/lib/cache/caching-client.js:174:7)
36 silly fetchPackageMetaData     at /usr/local/lib/node_modules/npm/node_modules/graceful-fs/polyfills.js:241:18
36 silly fetchPackageMetaData     at FSReqWrap.oncomplete (fs.js:123:15)
36 silly fetchPackageMetaData  error for org.roylance.yadel@0.217.0 { Error: No compatible version found: org.roylance.yadel@0.217.0
36 silly fetchPackageMetaData Valid install targets:
36 silly fetchPackageMetaData 0.216.0, 0.214.0, 0.213.0, 0.212.0
36 silly fetchPackageMetaData
36 silly fetchPackageMetaData     at pickVersionFromRegistryDocument (/usr/local/lib/node_modules/npm/lib/fetch-package-metadata.js:178:16)
36 silly fetchPackageMetaData     at /usr/local/lib/node_modules/npm/node_modules/iferr/index.js:13:50
36 silly fetchPackageMetaData     at /usr/local/lib/node_modules/npm/lib/utils/pulse-till-done.js:20:8
36 silly fetchPackageMetaData     at saved (/usr/local/lib/node_modules/npm/lib/cache/caching-client.js:174:7)
36 silly fetchPackageMetaData     at /usr/local/lib/node_modules/npm/node_modules/graceful-fs/polyfills.js:241:18
36 silly fetchPackageMetaData     at FSReqWrap.oncomplete (fs.js:123:15) code: 'ETARGET' }
37 silly rollbackFailedOptional Starting
38 silly rollbackFailedOptional Finishing
39 silly runTopLevelLifecycles Finishing
40 silly install printInstalled
41 verbose stack Error: No compatible version found: org.roylance.yadel@0.217.0
41 verbose stack Valid install targets:
41 verbose stack 0.216.0, 0.214.0, 0.213.0, 0.212.0
41 verbose stack
41 verbose stack     at pickVersionFromRegistryDocument (/usr/local/lib/node_modules/npm/lib/fetch-package-metadata.js:178:16)
41 verbose stack     at /usr/local/lib/node_modules/npm/node_modules/iferr/index.js:13:50
41 verbose stack     at /usr/local/lib/node_modules/npm/lib/utils/pulse-till-done.js:20:8
41 verbose stack     at saved (/usr/local/lib/node_modules/npm/lib/cache/caching-client.js:174:7)
41 verbose stack     at /usr/local/lib/node_modules/npm/node_modules/graceful-fs/polyfills.js:241:18
41 verbose stack     at FSReqWrap.oncomplete (fs.js:123:15)
42 verbose cwd /Users/mroylance/yadel/yadelserver/src/main/javascript
43 error Darwin 16.7.0
44 error argv "/usr/local/bin/node" "/usr/local/bin/npm" "install"
45 error node v6.9.2
46 error npm  v3.10.9
47 error code ETARGET
48 error notarget No compatible version found: org.roylance.yadel@0.217.0
48 error notarget Valid install targets:
48 error notarget 0.216.0, 0.214.0, 0.213.0, 0.212.0
49 error notarget This is most likely not a problem with npm itself.
49 error notarget In most cases you or one of your dependencies are requesting
49 error notarget a package version that doesn't exist.
49 error notarget
49 error notarget It was specified as a dependency of 'org.roylance.yadel'
50 verbose exit [ 1, true ]
