0 info it worked if it ends with ok
1 verbose cli [ '/usr/local/Cellar/node/5.5.0/bin/node',
1 verbose cli   '/usr/local/bin/npm',
1 verbose cli   'publish' ]
2 info using npm@3.5.3
3 info using node@v5.5.0
4 verbose publish [ '.' ]
5 silly cache add args [ '.', null ]
6 verbose cache add spec .
7 silly cache add parsed spec Result {
7 silly cache add   raw: '.',
7 silly cache add   scope: null,
7 silly cache add   name: null,
7 silly cache add   rawSpec: '.',
7 silly cache add   spec: '/Users/mikeroylance/src/github.com/artemishealth/yadel/javascript',
7 silly cache add   type: 'directory' }
8 verbose addLocalDirectory /Users/mikeroylance/.npm/org.roylance.yadel.api/0.108.0/package.tgz not in flight; packing
9 info lifecycle org.roylance.yadel.api@0.108.0~prepublish: org.roylance.yadel.api@0.108.0
10 silly lifecycle org.roylance.yadel.api@0.108.0~prepublish: no script for prepublish, continuing
11 verbose tar pack [ '/Users/mikeroylance/.npm/org.roylance.yadel.api/0.108.0/package.tgz',
11 verbose tar pack   '/Users/mikeroylance/src/github.com/artemishealth/yadel/javascript' ]
12 verbose tarball /Users/mikeroylance/.npm/org.roylance.yadel.api/0.108.0/package.tgz
13 verbose folder /Users/mikeroylance/src/github.com/artemishealth/yadel/javascript
14 verbose addLocalTarball adding from inside cache /Users/mikeroylance/.npm/org.roylance.yadel.api/0.108.0/package.tgz
15 silly cache afterAdd org.roylance.yadel.api@0.108.0
16 verbose afterAdd /Users/mikeroylance/.npm/org.roylance.yadel.api/0.108.0/package/package.json not in flight; writing
17 verbose afterAdd /Users/mikeroylance/.npm/org.roylance.yadel.api/0.108.0/package/package.json written
18 silly publish { name: 'org.roylance.yadel.api',
18 silly publish   version: '0.108.0',
18 silly publish   description: 'models to interface with the org.roylance.yadel.api system',
18 silly publish   scripts: { test: 'echo "Error: no test specified" && exit 1' },
18 silly publish   author: { name: 'roylance.michael@gmail.com' },
18 silly publish   license: 'ISC',
18 silly publish   dependencies:
18 silly publish    { '@mroylance/protobuftshelper': '0.0.8',
18 silly publish      protobufjs: '^5.0.1',
18 silly publish      proto2typescript: '^2.2.0' },
18 silly publish   readme: 'ERROR: No README data found!',
18 silly publish   _id: 'org.roylance.yadel.api@0.108.0',
18 silly publish   _shasum: 'a252256153f0cce51dcdc24a37f240a661497c51',
18 silly publish   _from: '.' }
19 verbose getPublishConfig undefined
20 silly mapToRegistry name org.roylance.yadel.api
21 silly mapToRegistry scope (from config) @scope/hades
22 silly mapToRegistry registry https://registry.npmjs.org/
23 silly mapToRegistry uri https://registry.npmjs.org/org.roylance.yadel.api
24 verbose publish registryBase https://registry.npmjs.org/
25 silly publish uploading /Users/mikeroylance/.npm/org.roylance.yadel.api/0.108.0/package.tgz
26 verbose request uri https://registry.npmjs.org/org.roylance.yadel.api
27 verbose request sending authorization for write operation
28 info attempt registry request try #1 at 6:32:36 PM
29 verbose request using bearer token for auth
30 verbose request id 398440886c767801
31 http request PUT https://registry.npmjs.org/org.roylance.yadel.api
32 http 403 https://registry.npmjs.org/org.roylance.yadel.api
33 verbose headers { 'content-type': 'application/json',
33 verbose headers   'cache-control': 'max-age=300',
33 verbose headers   'content-length': '97',
33 verbose headers   'accept-ranges': 'bytes',
33 verbose headers   date: 'Fri, 16 Sep 2016 00:32:37 GMT',
33 verbose headers   via: '1.1 varnish',
33 verbose headers   connection: 'keep-alive',
33 verbose headers   'x-served-by': 'cache-iad2626-IAD',
33 verbose headers   'x-cache': 'MISS',
33 verbose headers   'x-cache-hits': '0',
33 verbose headers   'x-timer': 'S1473985956.457918,VS0,VE714',
33 verbose headers   vary: 'Accept-Encoding' }
34 verbose request invalidating /Users/mikeroylance/.npm/registry.npmjs.org/org.roylance.yadel.api on PUT
35 error publish Failed PUT 403
36 verbose stack Error: "You cannot publish over the previously published version 0.108.0." : org.roylance.yadel.api
36 verbose stack     at makeError (/usr/local/lib/node_modules/npm/node_modules/npm-registry-client/lib/request.js:264:12)
36 verbose stack     at CachingRegistryClient.<anonymous> (/usr/local/lib/node_modules/npm/node_modules/npm-registry-client/lib/request.js:252:14)
36 verbose stack     at Request._callback (/usr/local/lib/node_modules/npm/node_modules/npm-registry-client/lib/request.js:172:14)
36 verbose stack     at Request.self.callback (/usr/local/lib/node_modules/npm/node_modules/request/request.js:198:22)
36 verbose stack     at emitTwo (events.js:100:13)
36 verbose stack     at Request.emit (events.js:185:7)
36 verbose stack     at Request.<anonymous> (/usr/local/lib/node_modules/npm/node_modules/request/request.js:1035:10)
36 verbose stack     at emitOne (events.js:95:20)
36 verbose stack     at Request.emit (events.js:182:7)
36 verbose stack     at IncomingMessage.<anonymous> (/usr/local/lib/node_modules/npm/node_modules/request/request.js:962:12)
37 verbose statusCode 403
38 verbose pkgid org.roylance.yadel.api
39 verbose cwd /Users/mikeroylance/src/github.com/artemishealth/yadel/javascript
40 error Darwin 15.6.0
41 error argv "/usr/local/Cellar/node/5.5.0/bin/node" "/usr/local/bin/npm" "publish"
42 error node v5.5.0
43 error npm  v3.5.3
44 error code E403
45 error "You cannot publish over the previously published version 0.108.0." : org.roylance.yadel.api
46 error If you need help, you may report this error at:
46 error     <https://github.com/npm/npm/issues>
47 verbose exit [ 1, true ]
