0 info it worked if it ends with ok
1 verbose cli [ '/usr/local/bin/node', '/usr/local/bin/npm', 'publish' ]
2 info using npm@3.10.9
3 info using node@v6.9.2
4 verbose publish [ '.' ]
5 silly cache add args [ '.', null ]
6 verbose cache add spec .
7 silly cache add parsed spec Result {
7 silly cache add   raw: '.',
7 silly cache add   scope: null,
7 silly cache add   escapedName: null,
7 silly cache add   name: null,
7 silly cache add   rawSpec: '.',
7 silly cache add   spec: '/Users/mroylance/yadel/ui',
7 silly cache add   type: 'directory' }
8 verbose addLocalDirectory /Users/mroylance/.npm/org.roylance.yadel.ui/0.182.0/package.tgz not in flight; packing
9 verbose correctMkdir /Users/mroylance/.npm correctMkdir not in flight; initializing
10 info lifecycle org.roylance.yadel.ui@0.182.0~prepublish: org.roylance.yadel.ui@0.182.0
11 silly lifecycle org.roylance.yadel.ui@0.182.0~prepublish: no script for prepublish, continuing
12 verbose tar pack [ '/Users/mroylance/.npm/org.roylance.yadel.ui/0.182.0/package.tgz',
12 verbose tar pack   '/Users/mroylance/yadel/ui' ]
13 verbose tarball /Users/mroylance/.npm/org.roylance.yadel.ui/0.182.0/package.tgz
14 verbose folder /Users/mroylance/yadel/ui
15 verbose addLocalTarball adding from inside cache /Users/mroylance/.npm/org.roylance.yadel.ui/0.182.0/package.tgz
16 verbose correctMkdir /Users/mroylance/.npm correctMkdir not in flight; initializing
17 silly cache afterAdd org.roylance.yadel.ui@0.182.0
18 verbose afterAdd /Users/mroylance/.npm/org.roylance.yadel.ui/0.182.0/package/package.json not in flight; writing
19 verbose correctMkdir /Users/mroylance/.npm correctMkdir not in flight; initializing
20 verbose afterAdd /Users/mroylance/.npm/org.roylance.yadel.ui/0.182.0/package/package.json written
21 silly publish { name: 'org.roylance.yadel.ui',
21 silly publish   version: '0.182.0',
21 silly publish   description: 'common UI methods for yadel dags',
21 silly publish   author: { name: 'roylance.michael@gmail.com' },
21 silly publish   license: 'MIT',
21 silly publish   dependencies: { 'org.roylance.yadel.api': '0.182.0' },
21 silly publish   readme: 'org.roylance.yadel.ui\n================\nThis library contains common UI methods for yadel.',
21 silly publish   readmeFilename: 'README.md',
21 silly publish   _id: 'org.roylance.yadel.ui@0.182.0',
21 silly publish   scripts: {},
21 silly publish   _shasum: '890467f2cac1d4581e126c5162475e01642776fd',
21 silly publish   _from: '.' }
22 verbose getPublishConfig undefined
23 silly mapToRegistry name org.roylance.yadel.ui
24 silly mapToRegistry using default registry
25 silly mapToRegistry registry https://registry.npmjs.org/
26 silly mapToRegistry data Result {
26 silly mapToRegistry   raw: 'org.roylance.yadel.ui',
26 silly mapToRegistry   scope: null,
26 silly mapToRegistry   escapedName: 'org.roylance.yadel.ui',
26 silly mapToRegistry   name: 'org.roylance.yadel.ui',
26 silly mapToRegistry   rawSpec: '',
26 silly mapToRegistry   spec: 'latest',
26 silly mapToRegistry   type: 'tag' }
27 silly mapToRegistry uri https://registry.npmjs.org/org.roylance.yadel.ui
28 verbose publish registryBase https://registry.npmjs.org/
29 silly publish uploading /Users/mroylance/.npm/org.roylance.yadel.ui/0.182.0/package.tgz
30 verbose request uri https://registry.npmjs.org/org.roylance.yadel.ui
31 verbose request sending authorization for write operation
32 info attempt registry request try #1 at 1:55:30 PM
33 verbose request using bearer token for auth
34 verbose request id 17631ea0849cf9b1
35 http request PUT https://registry.npmjs.org/org.roylance.yadel.ui
36 http 403 https://registry.npmjs.org/org.roylance.yadel.ui
37 verbose headers { 'content-type': 'application/json',
37 verbose headers   'cache-control': 'max-age=300',
37 verbose headers   'content-length': '97',
37 verbose headers   'accept-ranges': 'bytes',
37 verbose headers   date: 'Sat, 17 Dec 2016 20:55:31 GMT',
37 verbose headers   via: '1.1 varnish',
37 verbose headers   connection: 'keep-alive',
37 verbose headers   'x-served-by': 'cache-den6025-DEN',
37 verbose headers   'x-cache': 'MISS',
37 verbose headers   'x-cache-hits': '0',
37 verbose headers   'x-timer': 'S1482008130.458169,VS0,VE920',
37 verbose headers   vary: 'Accept-Encoding' }
38 verbose request invalidating /Users/mroylance/.npm/registry.npmjs.org/org.roylance.yadel.ui on PUT
39 error publish Failed PUT 403
40 verbose stack Error: "You cannot publish over the previously published version 0.182.0." : org.roylance.yadel.ui
40 verbose stack     at makeError (/usr/local/lib/node_modules/npm/node_modules/npm-registry-client/lib/request.js:302:12)
40 verbose stack     at CachingRegistryClient.<anonymous> (/usr/local/lib/node_modules/npm/node_modules/npm-registry-client/lib/request.js:290:14)
40 verbose stack     at Request._callback (/usr/local/lib/node_modules/npm/node_modules/npm-registry-client/lib/request.js:210:14)
40 verbose stack     at Request.self.callback (/usr/local/lib/node_modules/npm/node_modules/request/request.js:187:22)
40 verbose stack     at emitTwo (events.js:106:13)
40 verbose stack     at Request.emit (events.js:191:7)
40 verbose stack     at Request.<anonymous> (/usr/local/lib/node_modules/npm/node_modules/request/request.js:1048:10)
40 verbose stack     at emitOne (events.js:96:13)
40 verbose stack     at Request.emit (events.js:188:7)
40 verbose stack     at IncomingMessage.<anonymous> (/usr/local/lib/node_modules/npm/node_modules/request/request.js:969:12)
41 verbose statusCode 403
42 verbose pkgid org.roylance.yadel.ui
43 verbose cwd /Users/mroylance/yadel/ui
44 error Darwin 16.3.0
45 error argv "/usr/local/bin/node" "/usr/local/bin/npm" "publish"
46 error node v6.9.2
47 error npm  v3.10.9
48 error code E403
49 error "You cannot publish over the previously published version 0.182.0." : org.roylance.yadel.ui
50 error If you need help, you may report this error at:
50 error     <https://github.com/npm/npm/issues>
51 verbose exit [ 1, true ]
